<?xml version="1.0" encoding="UTF-8"?>
<testng-results skipped="0" failed="0" ignored="0" total="2" passed="2">
  <reporter-output>
  </reporter-output>
  <suite name="HDFrameworkProjFmPavan" duration-ms="32676" started-at="2019-12-29T20:43:19Z" finished-at="2019-12-29T20:43:52Z">
    <groups>
    </groups>
    <test name="Test1" duration-ms="32676" started-at="2019-12-29T20:43:19Z" finished-at="2019-12-29T20:43:52Z">
      <class name="com.HDFramworkProjFmPavan.testCases.TC_AddcustomerTest_002">
        <test-method status="PASS" signature="setUp(java.lang.String)[pri:0, instance:com.HDFramworkProjFmPavan.testCases.TC_AddcustomerTest_002@340f438e]" name="setUp" is-config="true" duration-ms="3262" started-at="2019-12-29T20:43:36Z" finished-at="2019-12-29T20:43:39Z">
          <params>
            <param index="0">
              <value>
                <![CDATA[chrome]]>
              </value>
            </param>
          </params>
          <reporter-output>
          </reporter-output>
        </test-method> <!-- setUp -->
        <test-method status="PASS" signature="addNewCustomer()[pri:0, instance:com.HDFramworkProjFmPavan.testCases.TC_AddcustomerTest_002@340f438e]" name="addNewCustomer" duration-ms="11713" started-at="2019-12-29T20:43:39Z" finished-at="2019-12-29T20:43:51Z">
          <reporter-output>
          </reporter-output>
        </test-method> <!-- addNewCustomer -->
        <test-method status="PASS" signature="tearDown()[pri:0, instance:com.HDFramworkProjFmPavan.testCases.TC_AddcustomerTest_002@340f438e]" name="tearDown" is-config="true" duration-ms="658" started-at="2019-12-29T20:43:51Z" finished-at="2019-12-29T20:43:52Z">
          <reporter-output>
          </reporter-output>
        </test-method> <!-- tearDown -->
      </class> <!-- com.HDFramworkProjFmPavan.testCases.TC_AddcustomerTest_002 -->
      <class name="com.HDFramworkProjFmPavan.testCases.TC_LoginTest_001">
        <test-method status="PASS" signature="setUp(java.lang.String)[pri:0, instance:com.HDFramworkProjFmPavan.testCases.TC_LoginTest_001@511baa65]" name="setUp" is-config="true" duration-ms="4262" started-at="2019-12-29T20:43:19Z" finished-at="2019-12-29T20:43:23Z">
          <params>
            <param index="0">
              <value>
                <![CDATA[chrome]]>
              </value>
            </param>
          </params>
          <reporter-output>
          </reporter-output>
        </test-method> <!-- setUp -->
        <test-method status="PASS" signature="loginTest()[pri:0, instance:com.HDFramworkProjFmPavan.testCases.TC_LoginTest_001@511baa65]" name="loginTest" duration-ms="12103" started-at="2019-12-29T20:43:23Z" finished-at="2019-12-29T20:43:35Z">
          <reporter-output>
          </reporter-output>
        </test-method> <!-- loginTest -->
        <test-method status="PASS" signature="tearDown()[pri:0, instance:com.HDFramworkProjFmPavan.testCases.TC_LoginTest_001@511baa65]" name="tearDown" is-config="true" duration-ms="655" started-at="2019-12-29T20:43:35Z" finished-at="2019-12-29T20:43:36Z">
          <reporter-output>
          </reporter-output>
        </test-method> <!-- tearDown -->
      </class> <!-- com.HDFramworkProjFmPavan.testCases.TC_LoginTest_001 -->
    </test> <!-- Test1 -->
  </suite> <!-- HDFrameworkProjFmPavan -->
</testng-results>
